F:\MYPROJECT\XIAYULIB\XIAYULIB\DEBUG\TEST.OBJ
F:\MYPROJECT\XIAYULIB\XIAYULIB\DEBUG\VC110.PDB
F:\MYPROJECT\XIAYULIB\DEBUG\XIAYULIB.ILK
F:\MYPROJECT\XIAYULIB\DEBUG\XIAYULIB.EXE
F:\MYPROJECT\XIAYULIB\DEBUG\XIAYULIB.PDB
F:\myProject\xiayuLib\xiayuLib\Debug\test.obj
F:\myProject\xiayuLib\xiayuLib\Debug\cl.command.1.tlog
F:\myProject\xiayuLib\xiayuLib\Debug\CL.read.1.tlog
F:\myProject\xiayuLib\xiayuLib\Debug\CL.write.1.tlog
F:\myProject\xiayuLib\xiayuLib\Debug\link-cvtres.read.1.tlog
F:\myProject\xiayuLib\xiayuLib\Debug\link-cvtres.write.1.tlog
F:\myProject\xiayuLib\xiayuLib\Debug\link-rc.read.1.tlog
F:\myProject\xiayuLib\xiayuLib\Debug\link-rc.write.1.tlog
F:\myProject\xiayuLib\xiayuLib\Debug\link.1824-cvtres.read.1.tlog
F:\myProject\xiayuLib\xiayuLib\Debug\link.1824-cvtres.write.1.tlog
F:\myProject\xiayuLib\xiayuLib\Debug\link.1824-rc.read.1.tlog
F:\myProject\xiayuLib\xiayuLib\Debug\link.1824-rc.write.1.tlog
F:\myProject\xiayuLib\xiayuLib\Debug\link.1824.read.1.tlog
F:\myProject\xiayuLib\xiayuLib\Debug\link.1824.write.1.tlog
F:\myProject\xiayuLib\xiayuLib\Debug\link.3584-cvtres.read.1.tlog
F:\myProject\xiayuLib\xiayuLib\Debug\link.3584-cvtres.write.1.tlog
F:\myProject\xiayuLib\xiayuLib\Debug\link.3584-rc.read.1.tlog
F:\myProject\xiayuLib\xiayuLib\Debug\link.3584-rc.write.1.tlog
F:\myProject\xiayuLib\xiayuLib\Debug\link.3584.read.1.tlog
F:\myProject\xiayuLib\xiayuLib\Debug\link.3584.write.1.tlog
F:\myProject\xiayuLib\xiayuLib\Debug\link.4684-cvtres.read.1.tlog
F:\myProject\xiayuLib\xiayuLib\Debug\link.4684-cvtres.write.1.tlog
F:\myProject\xiayuLib\xiayuLib\Debug\link.4684-rc.read.1.tlog
F:\myProject\xiayuLib\xiayuLib\Debug\link.4684-rc.write.1.tlog
F:\myProject\xiayuLib\xiayuLib\Debug\link.4684.read.1.tlog
F:\myProject\xiayuLib\xiayuLib\Debug\link.4684.write.1.tlog
F:\myProject\xiayuLib\xiayuLib\Debug\link.5116-cvtres.read.1.tlog
F:\myProject\xiayuLib\xiayuLib\Debug\link.5116-cvtres.write.1.tlog
F:\myProject\xiayuLib\xiayuLib\Debug\link.5116-rc.read.1.tlog
F:\myProject\xiayuLib\xiayuLib\Debug\link.5116-rc.write.1.tlog
F:\myProject\xiayuLib\xiayuLib\Debug\link.5116.read.1.tlog
F:\myProject\xiayuLib\xiayuLib\Debug\link.5116.write.1.tlog
F:\myProject\xiayuLib\xiayuLib\Debug\link.5804-cvtres.read.1.tlog
F:\myProject\xiayuLib\xiayuLib\Debug\link.5804-cvtres.write.1.tlog
F:\myProject\xiayuLib\xiayuLib\Debug\link.5804-rc.read.1.tlog
F:\myProject\xiayuLib\xiayuLib\Debug\link.5804-rc.write.1.tlog
F:\myProject\xiayuLib\xiayuLib\Debug\link.5804.read.1.tlog
F:\myProject\xiayuLib\xiayuLib\Debug\link.5804.write.1.tlog
F:\myProject\xiayuLib\xiayuLib\Debug\link.5876-cvtres.read.1.tlog
F:\myProject\xiayuLib\xiayuLib\Debug\link.5876-cvtres.write.1.tlog
F:\myProject\xiayuLib\xiayuLib\Debug\link.5876-rc.read.1.tlog
F:\myProject\xiayuLib\xiayuLib\Debug\link.5876-rc.write.1.tlog
F:\myProject\xiayuLib\xiayuLib\Debug\link.5876.read.1.tlog
F:\myProject\xiayuLib\xiayuLib\Debug\link.5876.write.1.tlog
F:\myProject\xiayuLib\xiayuLib\Debug\link.6744-cvtres.read.1.tlog
F:\myProject\xiayuLib\xiayuLib\Debug\link.6744-cvtres.write.1.tlog
F:\myProject\xiayuLib\xiayuLib\Debug\link.6744-rc.read.1.tlog
F:\myProject\xiayuLib\xiayuLib\Debug\link.6744-rc.write.1.tlog
F:\myProject\xiayuLib\xiayuLib\Debug\link.6744.read.1.tlog
F:\myProject\xiayuLib\xiayuLib\Debug\link.6744.write.1.tlog
F:\myProject\xiayuLib\xiayuLib\Debug\link.7220-cvtres.read.1.tlog
F:\myProject\xiayuLib\xiayuLib\Debug\link.7220-cvtres.write.1.tlog
F:\myProject\xiayuLib\xiayuLib\Debug\link.7220-rc.read.1.tlog
F:\myProject\xiayuLib\xiayuLib\Debug\link.7220-rc.write.1.tlog
F:\myProject\xiayuLib\xiayuLib\Debug\link.7220.read.1.tlog
F:\myProject\xiayuLib\xiayuLib\Debug\link.7220.write.1.tlog
F:\myProject\xiayuLib\xiayuLib\Debug\link.8080-cvtres.read.1.tlog
F:\myProject\xiayuLib\xiayuLib\Debug\link.8080-cvtres.write.1.tlog
F:\myProject\xiayuLib\xiayuLib\Debug\link.8080-rc.read.1.tlog
F:\myProject\xiayuLib\xiayuLib\Debug\link.8080-rc.write.1.tlog
F:\myProject\xiayuLib\xiayuLib\Debug\link.8080.read.1.tlog
F:\myProject\xiayuLib\xiayuLib\Debug\link.8080.write.1.tlog
F:\myProject\xiayuLib\xiayuLib\Debug\link.8268-cvtres.read.1.tlog
F:\myProject\xiayuLib\xiayuLib\Debug\link.8268-cvtres.write.1.tlog
F:\myProject\xiayuLib\xiayuLib\Debug\link.8268-rc.read.1.tlog
F:\myProject\xiayuLib\xiayuLib\Debug\link.8268-rc.write.1.tlog
F:\myProject\xiayuLib\xiayuLib\Debug\link.8268.read.1.tlog
F:\myProject\xiayuLib\xiayuLib\Debug\link.8268.write.1.tlog
F:\myProject\xiayuLib\xiayuLib\Debug\link.8552-cvtres.read.1.tlog
F:\myProject\xiayuLib\xiayuLib\Debug\link.8552-cvtres.write.1.tlog
F:\myProject\xiayuLib\xiayuLib\Debug\link.8552-rc.read.1.tlog
F:\myProject\xiayuLib\xiayuLib\Debug\link.8552-rc.write.1.tlog
F:\myProject\xiayuLib\xiayuLib\Debug\link.8552.read.1.tlog
F:\myProject\xiayuLib\xiayuLib\Debug\link.8552.write.1.tlog
F:\myProject\xiayuLib\xiayuLib\Debug\link.8820-cvtres.read.1.tlog
F:\myProject\xiayuLib\xiayuLib\Debug\link.8820-cvtres.write.1.tlog
F:\myProject\xiayuLib\xiayuLib\Debug\link.8820-rc.read.1.tlog
F:\myProject\xiayuLib\xiayuLib\Debug\link.8820-rc.write.1.tlog
F:\myProject\xiayuLib\xiayuLib\Debug\link.8820.read.1.tlog
F:\myProject\xiayuLib\xiayuLib\Debug\link.8820.write.1.tlog
F:\myProject\xiayuLib\xiayuLib\Debug\link.8924-cvtres.read.1.tlog
F:\myProject\xiayuLib\xiayuLib\Debug\link.8924-cvtres.write.1.tlog
F:\myProject\xiayuLib\xiayuLib\Debug\link.8924-rc.read.1.tlog
F:\myProject\xiayuLib\xiayuLib\Debug\link.8924-rc.write.1.tlog
F:\myProject\xiayuLib\xiayuLib\Debug\link.8924.read.1.tlog
F:\myProject\xiayuLib\xiayuLib\Debug\link.8924.write.1.tlog
F:\myProject\xiayuLib\xiayuLib\Debug\link.9084-cvtres.read.1.tlog
F:\myProject\xiayuLib\xiayuLib\Debug\link.9084-cvtres.write.1.tlog
F:\myProject\xiayuLib\xiayuLib\Debug\link.9084-rc.read.1.tlog
F:\myProject\xiayuLib\xiayuLib\Debug\link.9084-rc.write.1.tlog
F:\myProject\xiayuLib\xiayuLib\Debug\link.9084.read.1.tlog
F:\myProject\xiayuLib\xiayuLib\Debug\link.9084.write.1.tlog
F:\myProject\xiayuLib\xiayuLib\Debug\link.9512-cvtres.read.1.tlog
F:\myProject\xiayuLib\xiayuLib\Debug\link.9512-cvtres.write.1.tlog
F:\myProject\xiayuLib\xiayuLib\Debug\link.9512-rc.read.1.tlog
F:\myProject\xiayuLib\xiayuLib\Debug\link.9512-rc.write.1.tlog
F:\myProject\xiayuLib\xiayuLib\Debug\link.9512.read.1.tlog
F:\myProject\xiayuLib\xiayuLib\Debug\link.9512.write.1.tlog
F:\myProject\xiayuLib\xiayuLib\Debug\link.9640-cvtres.read.1.tlog
F:\myProject\xiayuLib\xiayuLib\Debug\link.9640-cvtres.write.1.tlog
F:\myProject\xiayuLib\xiayuLib\Debug\link.9640-rc.read.1.tlog
F:\myProject\xiayuLib\xiayuLib\Debug\link.9640-rc.write.1.tlog
F:\myProject\xiayuLib\xiayuLib\Debug\link.9640.read.1.tlog
F:\myProject\xiayuLib\xiayuLib\Debug\link.9640.write.1.tlog
F:\myProject\xiayuLib\xiayuLib\Debug\link.9940-cvtres.read.1.tlog
F:\myProject\xiayuLib\xiayuLib\Debug\link.9940-cvtres.write.1.tlog
F:\myProject\xiayuLib\xiayuLib\Debug\link.9940-rc.read.1.tlog
F:\myProject\xiayuLib\xiayuLib\Debug\link.9940-rc.write.1.tlog
F:\myProject\xiayuLib\xiayuLib\Debug\link.9940.read.1.tlog
F:\myProject\xiayuLib\xiayuLib\Debug\link.9940.write.1.tlog
F:\myProject\xiayuLib\xiayuLib\Debug\link.command.1.tlog
F:\myProject\xiayuLib\xiayuLib\Debug\link.read.1.tlog
F:\myProject\xiayuLib\xiayuLib\Debug\link.write.1.tlog
F:\myProject\xiayuLib\xiayuLib\Debug\vc110.idb
F:\myProject\xiayuLib\xiayuLib\Debug\vc110.pdb
F:\myProject\xiayuLib\Debug\xiayuLib.pdb
F:\myProject\xiayuLib\Debug\xiayuLib.exe
F:\myProject\xiayuLib\Debug\xiayuLib.ilk
